<?xml version="1.0" encoding="UTF-8"?>
<!-- Generated by org.testng.reporters.JUnitReportReporter -->
<testsuite hostname="DESKTOP-COGVPJ0" failures="0" tests="7" name="com.sgtesting.scenarios.CreateUserScenarios" time="0.354" errors="0" timestamp="2022-07-25T16:20:09 IST" skipped="0">
  <testcase classname="com.sgtesting.scenarios.CreateUserScenarios" name="launchBrowser" time="0.301"/>
  <system-out/>
  <testcase classname="com.sgtesting.scenarios.CreateUserScenarios" name="navigate" time="0.015"/>
  <system-out/>
  <testcase classname="com.sgtesting.scenarios.CreateUserScenarios" name="login" time="0.021"/>
  <system-out/>
  <testcase classname="com.sgtesting.scenarios.CreateUserScenarios" name="createUser" time="0.002"/>
  <system-out/>
  <testcase classname="com.sgtesting.scenarios.CreateUserScenarios" name="deleteUser" time="0.002"/>
  <system-out/>
  <testcase classname="com.sgtesting.scenarios.CreateUserScenarios" name="logout" time="0.008"/>
  <system-out/>
  <testcase classname="com.sgtesting.scenarios.CreateUserScenarios" name="closeApplication" time="0.005"/>
  <system-out/>
</testsuite> <!-- com.sgtesting.scenarios.CreateUserScenarios -->
